{"/home/runner/work/v0-solo-boss-ai-platform/v0-solo-boss-ai-platform/app/api/billing/chargebee/webhook/route.ts": {"path":"/home/runner/work/v0-solo-boss-ai-platform/v0-solo-boss-ai-platform/app/api/billing/chargebee/webhook/route.ts","statementMap":{"0":{"start":{"line":30,"column":22},"end":{"line":30,"column":27}},"1":{"start":{"line":1,"column":42},"end":{"line":1,"column":null}},"2":{"start":{"line":2,"column":19},"end":{"line":2,"column":null}},"3":{"start":{"line":3,"column":26},"end":{"line":3,"column":null}},"4":{"start":{"line":4,"column":68},"end":{"line":4,"column":null}},"5":{"start":{"line":5,"column":28},"end":{"line":5,"column":null}},"6":{"start":{"line":8,"column":17},"end":{"line":8,"column":58}},"7":{"start":{"line":12,"column":2},"end":{"line":20,"column":null}},"8":{"start":{"line":13,"column":18},"end":{"line":13,"column":null}},"9":{"start":{"line":14,"column":4},"end":{"line":19,"column":null}},"10":{"start":{"line":15,"column":18},"end":{"line":15,"column":null}},"11":{"start":{"line":16,"column":6},"end":{"line":18,"column":null}},"12":{"start":{"line":17,"column":8},"end":{"line":17,"column":null}},"13":{"start":{"line":22,"column":15},"end":{"line":22,"column":null}},"14":{"start":{"line":23,"column":2},"end":{"line":27,"column":null}},"15":{"start":{"line":24,"column":4},"end":{"line":24,"column":null}},"16":{"start":{"line":26,"column":4},"end":{"line":26,"column":null}},"17":{"start":{"line":31,"column":18},"end":{"line":31,"column":null}},"18":{"start":{"line":32,"column":20},"end":{"line":32,"column":null}},"19":{"start":{"line":33,"column":20},"end":{"line":33,"column":null}},"20":{"start":{"line":34,"column":2},"end":{"line":37,"column":null}},"21":{"start":{"line":35,"column":4},"end":{"line":35,"column":null}},"22":{"start":{"line":36,"column":4},"end":{"line":36,"column":null}},"23":{"start":{"line":39,"column":16},"end":{"line":39,"column":null}},"24":{"start":{"line":40,"column":17},"end":{"line":40,"column":null}},"25":{"start":{"line":42,"column":2},"end":{"line":72,"column":null}},"26":{"start":{"line":44,"column":24},"end":{"line":44,"column":69}},"27":{"start":{"line":45,"column":4},"end":{"line":51,"column":null}},"28":{"start":{"line":46,"column":23},"end":{"line":46,"column":null}},"29":{"start":{"line":47,"column":6},"end":{"line":50,"column":null}},"30":{"start":{"line":48,"column":8},"end":{"line":48,"column":null}},"31":{"start":{"line":49,"column":8},"end":{"line":49,"column":null}},"32":{"start":{"line":53,"column":26},"end":{"line":53,"column":42}},"33":{"start":{"line":54,"column":25},"end":{"line":54,"column":null}},"34":{"start":{"line":55,"column":21},"end":{"line":55,"column":null}},"35":{"start":{"line":57,"column":4},"end":{"line":64,"column":null}},"36":{"start":{"line":58,"column":19},"end":{"line":58,"column":39}},"37":{"start":{"line":59,"column":21},"end":{"line":59,"column":40}},"38":{"start":{"line":60,"column":6},"end":{"line":62,"column":null}},"39":{"start":{"line":65,"column":4},"end":{"line":65,"column":null}},"40":{"start":{"line":66,"column":4},"end":{"line":66,"column":null}},"41":{"start":{"line":68,"column":4},"end":{"line":68,"column":null}},"42":{"start":{"line":69,"column":4},"end":{"line":69,"column":null}},"43":{"start":{"line":71,"column":4},"end":{"line":71,"column":null}}},"fnMap":{"0":{"name":"verifySignature","decl":{"start":{"line":7,"column":9},"end":{"line":7,"column":25}},"loc":{"start":{"line":7,"column":79},"end":{"line":28,"column":null}}},"1":{"name":"POST","decl":{"start":{"line":30,"column":22},"end":{"line":30,"column":27}},"loc":{"start":{"line":30,"column":43},"end":{"line":73,"column":null}}}},"branchMap":{"0":{"loc":{"start":{"line":12,"column":2},"end":{"line":20,"column":null}},"type":"if","locations":[{"start":{"line":12,"column":2},"end":{"line":20,"column":null}},{"start":{},"end":{}}]},"1":{"loc":{"start":{"line":14,"column":4},"end":{"line":19,"column":null}},"type":"if","locations":[{"start":{"line":14,"column":4},"end":{"line":19,"column":null}},{"start":{},"end":{}}]},"2":{"loc":{"start":{"line":16,"column":6},"end":{"line":18,"column":null}},"type":"if","locations":[{"start":{"line":16,"column":6},"end":{"line":18,"column":null}},{"start":{},"end":{}}]},"3":{"loc":{"start":{"line":32,"column":20},"end":{"line":32,"column":null}},"type":"binary-expr","locations":[{"start":{"line":32,"column":20},"end":{"line":32,"column":64}},{"start":{"line":32,"column":64},"end":{"line":32,"column":null}}]},"4":{"loc":{"start":{"line":33,"column":20},"end":{"line":33,"column":null}},"type":"binary-expr","locations":[{"start":{"line":33,"column":20},"end":{"line":33,"column":64}},{"start":{"line":33,"column":64},"end":{"line":33,"column":null}}]},"5":{"loc":{"start":{"line":34,"column":2},"end":{"line":37,"column":null}},"type":"if","locations":[{"start":{"line":34,"column":2},"end":{"line":37,"column":null}},{"start":{},"end":{}}]},"6":{"loc":{"start":{"line":44,"column":24},"end":{"line":44,"column":69}},"type":"binary-expr","locations":[{"start":{"line":44,"column":24},"end":{"line":44,"column":61}},{"start":{"line":44,"column":61},"end":{"line":44,"column":69}}]},"7":{"loc":{"start":{"line":45,"column":4},"end":{"line":51,"column":null}},"type":"if","locations":[{"start":{"line":45,"column":4},"end":{"line":51,"column":null}},{"start":{},"end":{}}]},"8":{"loc":{"start":{"line":47,"column":6},"end":{"line":50,"column":null}},"type":"if","locations":[{"start":{"line":47,"column":6},"end":{"line":50,"column":null}},{"start":{},"end":{}}]},"9":{"loc":{"start":{"line":57,"column":4},"end":{"line":64,"column":null}},"type":"if","locations":[{"start":{"line":57,"column":4},"end":{"line":64,"column":null}},{"start":{},"end":{}}]},"10":{"loc":{"start":{"line":57,"column":8},"end":{"line":57,"column":34}},"type":"binary-expr","locations":[{"start":{"line":57,"column":8},"end":{"line":57,"column":24}},{"start":{"line":57,"column":24},"end":{"line":57,"column":34}}]}},"s":{"0":2,"1":2,"2":2,"3":2,"4":2,"5":2,"6":2,"7":1,"8":1,"9":1,"10":1,"11":1,"12":0,"13":1,"14":1,"15":1,"16":1,"17":2,"18":2,"19":2,"20":2,"21":1,"22":1,"23":1,"24":1,"25":1,"26":1,"27":1,"28":1,"29":1,"30":1,"31":1,"32":0,"33":0,"34":0,"35":0,"36":0,"37":0,"38":0,"39":0,"40":0,"41":0,"42":0,"43":1},"f":{"0":2,"1":2},"b":{"0":[1,0],"1":[1,0],"2":[0,1],"3":[2,1],"4":[2,1],"5":[1,1],"6":[1,0],"7":[1,0],"8":[1,0],"9":[0,0],"10":[0,0]}}
,"/home/runner/work/v0-solo-boss-ai-platform/v0-solo-boss-ai-platform/app/api/templates/[id]/route.ts": {"path":"/home/runner/work/v0-solo-boss-ai-platform/v0-solo-boss-ai-platform/app/api/templates/[id]/route.ts","statementMap":{"0":{"start":{"line":11,"column":22},"end":{"line":11,"column":null}},"1":{"start":{"line":1,"column":29},"end":{"line":1,"column":null}},"2":{"start":{"line":2,"column":36},"end":{"line":2,"column":null}},"3":{"start":{"line":3,"column":29},"end":{"line":3,"column":null}},"4":{"start":{"line":4,"column":18},"end":{"line":4,"column":null}},"5":{"start":{"line":5,"column":30},"end":{"line":5,"column":null}},"6":{"start":{"line":6,"column":68},"end":{"line":6,"column":null}},"7":{"start":{"line":9,"column":22},"end":{"line":9,"column":null}},"8":{"start":{"line":15,"column":2},"end":{"line":52,"column":null}},"9":{"start":{"line":16,"column":16},"end":{"line":16,"column":null}},"10":{"start":{"line":17,"column":15},"end":{"line":17,"column":null}},"11":{"start":{"line":18,"column":24},"end":{"line":18,"column":null}},"12":{"start":{"line":19,"column":4},"end":{"line":19,"column":null}},"13":{"start":{"line":19,"column":18},"end":{"line":19,"column":null}},"14":{"start":{"line":20,"column":19},"end":{"line":20,"column":null}},"15":{"start":{"line":21,"column":4},"end":{"line":23,"column":null}},"16":{"start":{"line":22,"column":6},"end":{"line":22,"column":null}},"17":{"start":{"line":24,"column":19},"end":{"line":24,"column":30}},"18":{"start":{"line":25,"column":28},"end":{"line":25,"column":null}},"19":{"start":{"line":26,"column":4},"end":{"line":28,"column":null}},"20":{"start":{"line":27,"column":6},"end":{"line":27,"column":null}},"21":{"start":{"line":30,"column":19},"end":{"line":30,"column":null}},"22":{"start":{"line":32,"column":16},"end":{"line":32,"column":null}},"23":{"start":{"line":33,"column":4},"end":{"line":38,"column":null}},"24":{"start":{"line":34,"column":23},"end":{"line":34,"column":null}},"25":{"start":{"line":35,"column":6},"end":{"line":37,"column":null}},"26":{"start":{"line":36,"column":8},"end":{"line":36,"column":null}},"27":{"start":{"line":39,"column":25},"end":{"line":41,"column":null}},"28":{"start":{"line":44,"column":4},"end":{"line":46,"column":null}},"29":{"start":{"line":45,"column":6},"end":{"line":45,"column":null}},"30":{"start":{"line":48,"column":4},"end":{"line":48,"column":null}},"31":{"start":{"line":50,"column":4},"end":{"line":50,"column":null}},"32":{"start":{"line":51,"column":4},"end":{"line":51,"column":null}}},"fnMap":{"0":{"name":"DELETE","decl":{"start":{"line":11,"column":22},"end":{"line":11,"column":null}},"loc":{"start":{"line":13,"column":18},"end":{"line":53,"column":null}}}},"branchMap":{"0":{"loc":{"start":{"line":17,"column":15},"end":{"line":17,"column":null}},"type":"binary-expr","locations":[{"start":{"line":17,"column":15},"end":{"line":17,"column":53}},{"start":{"line":17,"column":53},"end":{"line":17,"column":null}}]},"1":{"loc":{"start":{"line":19,"column":4},"end":{"line":19,"column":null}},"type":"if","locations":[{"start":{"line":19,"column":4},"end":{"line":19,"column":null}},{"start":{},"end":{}}]},"2":{"loc":{"start":{"line":21,"column":4},"end":{"line":23,"column":null}},"type":"if","locations":[{"start":{"line":21,"column":4},"end":{"line":23,"column":null}},{"start":{},"end":{}}]},"3":{"loc":{"start":{"line":26,"column":4},"end":{"line":28,"column":null}},"type":"if","locations":[{"start":{"line":26,"column":4},"end":{"line":28,"column":null}},{"start":{},"end":{}}]},"4":{"loc":{"start":{"line":26,"column":8},"end":{"line":26,"column":24}},"type":"binary-expr","locations":[{"start":{"line":26,"column":8},"end":{"line":26,"column":17}},{"start":{"line":26,"column":17},"end":{"line":26,"column":24}}]},"5":{"loc":{"start":{"line":33,"column":4},"end":{"line":38,"column":null}},"type":"if","locations":[{"start":{"line":33,"column":4},"end":{"line":38,"column":null}},{"start":{},"end":{}}]},"6":{"loc":{"start":{"line":35,"column":6},"end":{"line":37,"column":null}},"type":"if","locations":[{"start":{"line":35,"column":6},"end":{"line":37,"column":null}},{"start":{},"end":{}}]},"7":{"loc":{"start":{"line":44,"column":4},"end":{"line":46,"column":null}},"type":"if","locations":[{"start":{"line":44,"column":4},"end":{"line":46,"column":null}},{"start":{},"end":{}}]}},"s":{"0":1,"1":1,"2":1,"3":1,"4":1,"5":1,"6":1,"7":1,"8":3,"9":3,"10":3,"11":3,"12":3,"13":0,"14":3,"15":3,"16":0,"17":3,"18":3,"19":3,"20":1,"21":2,"22":2,"23":2,"24":0,"25":0,"26":0,"27":2,"28":2,"29":1,"30":1,"31":0,"32":0},"f":{"0":3},"b":{"0":[3,3],"1":[0,3],"2":[0,3],"3":[1,2],"4":[3,2],"5":[0,2],"6":[0,0],"7":[1,1]}}
,"/home/runner/work/v0-solo-boss-ai-platform/v0-solo-boss-ai-platform/lib/idempotency.ts": {"path":"/home/runner/work/v0-solo-boss-ai-platform/v0-solo-boss-ai-platform/lib/idempotency.ts","statementMap":{"0":{"start":{"line":26,"column":16},"end":{"line":26,"column":44}},"1":{"start":{"line":5,"column":22},"end":{"line":5,"column":43}},"2":{"start":{"line":10,"column":2},"end":{"line":14,"column":null}},"3":{"start":{"line":17,"column":17},"end":{"line":20,"column":null}},"4":{"start":{"line":23,"column":2},"end":{"line":23,"column":null}},"5":{"start":{"line":27,"column":17},"end":{"line":27,"column":null}},"6":{"start":{"line":28,"column":2},"end":{"line":28,"column":null}}},"fnMap":{"0":{"name":"reserveIdempotencyKey","decl":{"start":{"line":5,"column":22},"end":{"line":5,"column":43}},"loc":{"start":{"line":7,"column":13},"end":{"line":24,"column":null}}},"1":{"name":"getIdempotencyKeyFromRequest","decl":{"start":{"line":26,"column":16},"end":{"line":26,"column":44}},"loc":{"start":{"line":26,"column":57},"end":{"line":29,"column":null}}}},"branchMap":{"0":{"loc":{"start":{"line":27,"column":17},"end":{"line":27,"column":null}},"type":"binary-expr","locations":[{"start":{"line":27,"column":17},"end":{"line":27,"column":55}},{"start":{"line":27,"column":55},"end":{"line":27,"column":null}}]},"1":{"loc":{"start":{"line":28,"column":9},"end":{"line":28,"column":null}},"type":"cond-expr","locations":[{"start":{"line":28,"column":46},"end":{"line":28,"column":62}},{"start":{"line":28,"column":62},"end":{"line":28,"column":null}}]},"2":{"loc":{"start":{"line":28,"column":9},"end":{"line":28,"column":46}},"type":"binary-expr","locations":[{"start":{"line":28,"column":9},"end":{"line":28,"column":19}},{"start":{"line":28,"column":19},"end":{"line":28,"column":46}}]}},"s":{"0":2,"1":0,"2":0,"3":0,"4":0,"5":2,"6":2},"f":{"0":0,"1":2},"b":{"0":[2,2],"1":[0,2],"2":[2,0]}}
,"/home/runner/work/v0-solo-boss-ai-platform/v0-solo-boss-ai-platform/lib/log.ts": {"path":"/home/runner/work/v0-solo-boss-ai-platform/v0-solo-boss-ai-platform/lib/log.ts","statementMap":{"0":{"start":{"line":124,"column":16},"end":{"line":124,"column":31}},"1":{"start":{"line":100,"column":16},"end":{"line":100,"column":28}},"2":{"start":{"line":72,"column":16},"end":{"line":72,"column":21}},"3":{"start":{"line":93,"column":16},"end":{"line":93,"column":21}},"4":{"start":{"line":79,"column":16},"end":{"line":79,"column":20}},"5":{"start":{"line":24,"column":16},"end":{"line":24,"column":19}},"6":{"start":{"line":117,"column":16},"end":{"line":117,"column":27}},"7":{"start":{"line":86,"column":16},"end":{"line":86,"column":20}},"8":{"start":{"line":6,"column":24},"end":{"line":6,"column":null}},"9":{"start":{"line":33,"column":20},"end":{"line":33,"column":null}},"10":{"start":{"line":36,"column":19},"end":{"line":44,"column":null}},"11":{"start":{"line":47,"column":2},"end":{"line":47,"column":null}},"12":{"start":{"line":50,"column":2},"end":{"line":66,"column":null}},"13":{"start":{"line":51,"column":4},"end":{"line":65,"column":null}},"14":{"start":{"line":52,"column":6},"end":{"line":61,"column":null}},"15":{"start":{"line":64,"column":6},"end":{"line":64,"column":null}},"16":{"start":{"line":73,"column":2},"end":{"line":73,"column":null}},"17":{"start":{"line":80,"column":2},"end":{"line":80,"column":null}},"18":{"start":{"line":87,"column":2},"end":{"line":87,"column":null}},"19":{"start":{"line":94,"column":2},"end":{"line":94,"column":null}},"20":{"start":{"line":101,"column":2},"end":{"line":110,"column":null}},"21":{"start":{"line":103,"column":6},"end":{"line":103,"column":null}},"22":{"start":{"line":105,"column":6},"end":{"line":105,"column":null}},"23":{"start":{"line":107,"column":6},"end":{"line":107,"column":null}},"24":{"start":{"line":109,"column":6},"end":{"line":109,"column":null}},"25":{"start":{"line":118,"column":2},"end":{"line":118,"column":null}},"26":{"start":{"line":125,"column":17},"end":{"line":125,"column":null}},"27":{"start":{"line":126,"column":13},"end":{"line":126,"column":null}},"28":{"start":{"line":128,"column":2},"end":{"line":137,"column":null}},"29":{"start":{"line":130,"column":6},"end":{"line":130,"column":null}},"30":{"start":{"line":132,"column":6},"end":{"line":132,"column":null}},"31":{"start":{"line":134,"column":6},"end":{"line":134,"column":null}},"32":{"start":{"line":136,"column":6},"end":{"line":136,"column":null}}},"fnMap":{"0":{"name":"log","decl":{"start":{"line":24,"column":16},"end":{"line":24,"column":19}},"loc":{"start":{"line":32,"column":12},"end":{"line":67,"column":null}}},"1":{"name":"debug","decl":{"start":{"line":72,"column":16},"end":{"line":72,"column":21}},"loc":{"start":{"line":72,"column":88},"end":{"line":74,"column":null}}},"2":{"name":"info","decl":{"start":{"line":79,"column":16},"end":{"line":79,"column":20}},"loc":{"start":{"line":79,"column":87},"end":{"line":81,"column":null}}},"3":{"name":"warn","decl":{"start":{"line":86,"column":16},"end":{"line":86,"column":20}},"loc":{"start":{"line":86,"column":87},"end":{"line":88,"column":null}}},"4":{"name":"error","decl":{"start":{"line":93,"column":16},"end":{"line":93,"column":21}},"loc":{"start":{"line":93,"column":88},"end":{"line":95,"column":null}}},"5":{"name":"createLogger","decl":{"start":{"line":100,"column":16},"end":{"line":100,"column":28}},"loc":{"start":{"line":100,"column":56},"end":{"line":111,"column":null}}},"6":{"name":"(anonymous_18)","decl":{"start":{"line":102,"column":11},"end":{"line":102,"column":12}},"loc":{"start":{"line":103,"column":6},"end":{"line":103,"column":null}}},"7":{"name":"(anonymous_19)","decl":{"start":{"line":104,"column":10},"end":{"line":104,"column":11}},"loc":{"start":{"line":105,"column":6},"end":{"line":105,"column":null}}},"8":{"name":"(anonymous_20)","decl":{"start":{"line":106,"column":10},"end":{"line":106,"column":11}},"loc":{"start":{"line":107,"column":6},"end":{"line":107,"column":null}}},"9":{"name":"(anonymous_21)","decl":{"start":{"line":108,"column":11},"end":{"line":108,"column":12}},"loc":{"start":{"line":109,"column":6},"end":{"line":109,"column":null}}},"10":{"name":"logApiEvent","decl":{"start":{"line":117,"column":16},"end":{"line":117,"column":27}},"loc":{"start":{"line":117,"column":45},"end":{"line":119,"column":null}}},"11":{"name":"createApiLogger","decl":{"start":{"line":124,"column":16},"end":{"line":124,"column":31}},"loc":{"start":{"line":124,"column":63},"end":{"line":138,"column":null}}},"12":{"name":"(anonymous_24)","decl":{"start":{"line":129,"column":11},"end":{"line":129,"column":12}},"loc":{"start":{"line":130,"column":6},"end":{"line":130,"column":null}}},"13":{"name":"(anonymous_25)","decl":{"start":{"line":131,"column":10},"end":{"line":131,"column":11}},"loc":{"start":{"line":132,"column":6},"end":{"line":132,"column":null}}},"14":{"name":"(anonymous_26)","decl":{"start":{"line":133,"column":10},"end":{"line":133,"column":11}},"loc":{"start":{"line":134,"column":6},"end":{"line":134,"column":null}}},"15":{"name":"(anonymous_27)","decl":{"start":{"line":135,"column":11},"end":{"line":135,"column":12}},"loc":{"start":{"line":136,"column":6},"end":{"line":136,"column":null}}}},"branchMap":{"0":{"loc":{"start":{"line":25,"column":2},"end":{"line":25,"column":16}},"type":"default-arg","locations":[{"start":{"line":25,"column":10},"end":{"line":25,"column":16}}]},"1":{"loc":{"start":{"line":31,"column":2},"end":{"line":31,"column":11}},"type":"default-arg","locations":[{"start":{"line":31,"column":9},"end":{"line":31,"column":11}}]},"2":{"loc":{"start":{"line":40,"column":8},"end":{"line":40,"column":26}},"type":"binary-expr","locations":[{"start":{"line":40,"column":8},"end":{"line":40,"column":17}},{"start":{"line":40,"column":17},"end":{"line":40,"column":26}}]},"3":{"loc":{"start":{"line":41,"column":8},"end":{"line":41,"column":28}},"type":"binary-expr","locations":[{"start":{"line":41,"column":8},"end":{"line":41,"column":18}},{"start":{"line":41,"column":18},"end":{"line":41,"column":28}}]},"4":{"loc":{"start":{"line":42,"column":8},"end":{"line":42,"column":28}},"type":"binary-expr","locations":[{"start":{"line":42,"column":8},"end":{"line":42,"column":18}},{"start":{"line":42,"column":18},"end":{"line":42,"column":28}}]},"5":{"loc":{"start":{"line":43,"column":8},"end":{"line":43,"column":48}},"type":"binary-expr","locations":[{"start":{"line":43,"column":8},"end":{"line":43,"column":40}},{"start":{"line":43,"column":40},"end":{"line":43,"column":48}}]},"6":{"loc":{"start":{"line":50,"column":2},"end":{"line":66,"column":null}},"type":"if","locations":[{"start":{"line":50,"column":2},"end":{"line":66,"column":null}},{"start":{},"end":{}}]},"7":{"loc":{"start":{"line":50,"column":6},"end":{"line":50,"column":51}},"type":"binary-expr","locations":[{"start":{"line":50,"column":6},"end":{"line":50,"column":27}},{"start":{"line":50,"column":27},"end":{"line":50,"column":51}}]},"8":{"loc":{"start":{"line":54,"column":14},"end":{"line":54,"column":32}},"type":"binary-expr","locations":[{"start":{"line":54,"column":14},"end":{"line":54,"column":23}},{"start":{"line":54,"column":23},"end":{"line":54,"column":32}}]},"9":{"loc":{"start":{"line":55,"column":14},"end":{"line":55,"column":34}},"type":"binary-expr","locations":[{"start":{"line":55,"column":14},"end":{"line":55,"column":24}},{"start":{"line":55,"column":24},"end":{"line":55,"column":34}}]},"10":{"loc":{"start":{"line":59,"column":14},"end":{"line":59,"column":34}},"type":"binary-expr","locations":[{"start":{"line":59,"column":14},"end":{"line":59,"column":24}},{"start":{"line":59,"column":24},"end":{"line":59,"column":34}}]},"11":{"loc":{"start":{"line":72,"column":39},"end":{"line":72,"column":88}},"type":"default-arg","locations":[{"start":{"line":72,"column":86},"end":{"line":72,"column":88}}]},"12":{"loc":{"start":{"line":79,"column":38},"end":{"line":79,"column":87}},"type":"default-arg","locations":[{"start":{"line":79,"column":85},"end":{"line":79,"column":87}}]},"13":{"loc":{"start":{"line":86,"column":38},"end":{"line":86,"column":87}},"type":"default-arg","locations":[{"start":{"line":86,"column":85},"end":{"line":86,"column":87}}]},"14":{"loc":{"start":{"line":93,"column":39},"end":{"line":93,"column":88}},"type":"default-arg","locations":[{"start":{"line":93,"column":86},"end":{"line":93,"column":88}}]},"15":{"loc":{"start":{"line":102,"column":29},"end":{"line":102,"column":60}},"type":"default-arg","locations":[{"start":{"line":102,"column":58},"end":{"line":102,"column":60}}]},"16":{"loc":{"start":{"line":104,"column":28},"end":{"line":104,"column":59}},"type":"default-arg","locations":[{"start":{"line":104,"column":57},"end":{"line":104,"column":59}}]},"17":{"loc":{"start":{"line":106,"column":28},"end":{"line":106,"column":59}},"type":"default-arg","locations":[{"start":{"line":106,"column":57},"end":{"line":106,"column":59}}]},"18":{"loc":{"start":{"line":108,"column":29},"end":{"line":108,"column":60}},"type":"default-arg","locations":[{"start":{"line":108,"column":58},"end":{"line":108,"column":60}}]},"19":{"loc":{"start":{"line":125,"column":17},"end":{"line":125,"column":null}},"type":"binary-expr","locations":[{"start":{"line":125,"column":17},"end":{"line":125,"column":49}},{"start":{"line":125,"column":49},"end":{"line":125,"column":null}}]},"20":{"loc":{"start":{"line":126,"column":13},"end":{"line":126,"column":null}},"type":"binary-expr","locations":[{"start":{"line":126,"column":13},"end":{"line":126,"column":51}},{"start":{"line":126,"column":51},"end":{"line":126,"column":null}}]},"21":{"loc":{"start":{"line":129,"column":29},"end":{"line":129,"column":60}},"type":"default-arg","locations":[{"start":{"line":129,"column":58},"end":{"line":129,"column":60}}]},"22":{"loc":{"start":{"line":131,"column":28},"end":{"line":131,"column":59}},"type":"default-arg","locations":[{"start":{"line":131,"column":57},"end":{"line":131,"column":59}}]},"23":{"loc":{"start":{"line":133,"column":28},"end":{"line":133,"column":59}},"type":"default-arg","locations":[{"start":{"line":133,"column":57},"end":{"line":133,"column":59}}]},"24":{"loc":{"start":{"line":135,"column":29},"end":{"line":135,"column":60}},"type":"default-arg","locations":[{"start":{"line":135,"column":58},"end":{"line":135,"column":60}}]}},"s":{"0":0,"1":0,"2":0,"3":0,"4":0,"5":0,"6":2,"7":0,"8":2,"9":2,"10":2,"11":2,"12":2,"13":0,"14":0,"15":0,"16":0,"17":0,"18":0,"19":0,"20":0,"21":0,"22":0,"23":0,"24":0,"25":2,"26":0,"27":0,"28":0,"29":0,"30":0,"31":0,"32":0},"f":{"0":2,"1":0,"2":0,"3":0,"4":0,"5":0,"6":0,"7":0,"8":0,"9":0,"10":2,"11":0,"12":0,"13":0,"14":0,"15":0},"b":{"0":[0],"1":[0],"2":[2,2],"3":[2,2],"4":[2,0],"5":[2,2],"6":[0,2],"7":[2,0],"8":[0,0],"9":[0,0],"10":[0,0],"11":[0],"12":[0],"13":[0],"14":[0],"15":[0],"16":[0],"17":[0],"18":[0],"19":[0,0],"20":[0,0],"21":[0],"22":[0],"23":[0],"24":[0]}}
,"/home/runner/work/v0-solo-boss-ai-platform/v0-solo-boss-ai-platform/lib/rate-limit.ts": {"path":"/home/runner/work/v0-solo-boss-ai-platform/v0-solo-boss-ai-platform/lib/rate-limit.ts","statementMap":{"0":{"start":{"line":20,"column":16},"end":{"line":20,"column":null}},"1":{"start":{"line":9,"column":2},"end":{"line":11,"column":null}},"2":{"start":{"line":10,"column":4},"end":{"line":10,"column":null}},"3":{"start":{"line":12,"column":15},"end":{"line":12,"column":null}},"4":{"start":{"line":13,"column":2},"end":{"line":16,"column":null}},"5":{"start":{"line":14,"column":4},"end":{"line":14,"column":null}},"6":{"start":{"line":15,"column":4},"end":{"line":15,"column":null}},"7":{"start":{"line":17,"column":2},"end":{"line":17,"column":null}},"8":{"start":{"line":26,"column":17},"end":{"line":26,"column":null}},"9":{"start":{"line":27,"column":14},"end":{"line":27,"column":null}},"10":{"start":{"line":28,"column":16},"end":{"line":28,"column":null}},"11":{"start":{"line":29,"column":2},"end":{"line":32,"column":null}},"12":{"start":{"line":30,"column":4},"end":{"line":30,"column":null}},"13":{"start":{"line":31,"column":4},"end":{"line":31,"column":null}},"14":{"start":{"line":33,"column":2},"end":{"line":33,"column":null}},"15":{"start":{"line":34,"column":2},"end":{"line":34,"column":null}},"16":{"start":{"line":35,"column":20},"end":{"line":35,"column":null}},"17":{"start":{"line":36,"column":2},"end":{"line":36,"column":null}}},"fnMap":{"0":{"name":"getBucket","decl":{"start":{"line":8,"column":9},"end":{"line":8,"column":19}},"loc":{"start":{"line":8,"column":37},"end":{"line":18,"column":null}}},"1":{"name":"rateLimitByIp","decl":{"start":{"line":20,"column":16},"end":{"line":20,"column":null}},"loc":{"start":{"line":24,"column":13},"end":{"line":37,"column":null}}}},"branchMap":{"0":{"loc":{"start":{"line":9,"column":2},"end":{"line":11,"column":null}},"type":"if","locations":[{"start":{"line":9,"column":2},"end":{"line":11,"column":null}},{"start":{},"end":{}}]},"1":{"loc":{"start":{"line":13,"column":2},"end":{"line":16,"column":null}},"type":"if","locations":[{"start":{"line":13,"column":2},"end":{"line":16,"column":null}},{"start":{},"end":{}}]},"2":{"loc":{"start":{"line":29,"column":2},"end":{"line":32,"column":null}},"type":"if","locations":[{"start":{"line":29,"column":2},"end":{"line":32,"column":null}},{"start":{},"end":{}}]},"3":{"loc":{"start":{"line":29,"column":6},"end":{"line":29,"column":43}},"type":"binary-expr","locations":[{"start":{"line":29,"column":6},"end":{"line":29,"column":16}},{"start":{"line":29,"column":16},"end":{"line":29,"column":43}}]}},"s":{"0":3,"1":3,"2":1,"3":3,"4":3,"5":1,"6":1,"7":3,"8":3,"9":3,"10":3,"11":3,"12":1,"13":1,"14":2,"15":2,"16":2,"17":2},"f":{"0":3,"1":3},"b":{"0":[1,2],"1":[1,2],"2":[1,2],"3":[3,2]}}
}
