TN:
SF:app/api/billing/chargebee/webhook/route.ts
FN:7,verifySignature
FN:30,POST
FNF:2
FNH:2
FNDA:2,verifySignature
FNDA:2,POST
DA:1,2
DA:2,2
DA:3,2
DA:4,2
DA:5,2
DA:8,2
DA:12,1
DA:13,1
DA:14,1
DA:15,1
DA:16,1
DA:17,0
DA:22,1
DA:23,1
DA:24,1
DA:26,1
DA:30,2
DA:31,2
DA:32,2
DA:33,2
DA:34,2
DA:35,1
DA:36,1
DA:39,1
DA:40,1
DA:42,1
DA:44,1
DA:45,1
DA:46,1
DA:47,1
DA:48,1
DA:49,1
DA:53,0
DA:54,0
DA:55,0
DA:57,0
DA:58,0
DA:59,0
DA:60,0
DA:65,0
DA:66,0
DA:68,0
DA:69,0
DA:71,1
LF:44
LH:32
BRDA:12,0,0,1
BRDA:12,0,1,0
BRDA:14,1,0,1
BRDA:14,1,1,0
BRDA:16,2,0,0
BRDA:16,2,1,1
BRDA:32,3,0,2
BRDA:32,3,1,1
BRDA:33,4,0,2
BRDA:33,4,1,1
BRDA:34,5,0,1
BRDA:34,5,1,1
BRDA:44,6,0,1
BRDA:44,6,1,0
BRDA:45,7,0,1
BRDA:45,7,1,0
BRDA:47,8,0,1
BRDA:47,8,1,0
BRDA:57,9,0,0
BRDA:57,9,1,0
BRDA:57,10,0,0
BRDA:57,10,1,0
BRF:22
BRH:12
end_of_record
TN:
SF:app/api/templates/[id]/route.ts
FN:11,DELETE
FNF:1
FNH:1
FNDA:3,DELETE
DA:1,1
DA:2,1
DA:3,1
DA:4,1
DA:5,1
DA:6,1
DA:9,1
DA:11,1
DA:15,3
DA:16,3
DA:17,3
DA:18,3
DA:19,3
DA:20,3
DA:21,3
DA:22,0
DA:24,3
DA:25,3
DA:26,3
DA:27,1
DA:30,2
DA:32,2
DA:33,2
DA:34,0
DA:35,0
DA:36,0
DA:39,2
DA:44,2
DA:45,1
DA:48,1
DA:50,0
DA:51,0
LF:32
LH:26
BRDA:17,0,0,3
BRDA:17,0,1,3
BRDA:19,1,0,0
BRDA:19,1,1,3
BRDA:21,2,0,0
BRDA:21,2,1,3
BRDA:26,3,0,1
BRDA:26,3,1,2
BRDA:26,4,0,3
BRDA:26,4,1,2
BRDA:33,5,0,0
BRDA:33,5,1,2
BRDA:35,6,0,0
BRDA:35,6,1,0
BRDA:44,7,0,1
BRDA:44,7,1,1
BRF:16
BRH:11
end_of_record
TN:
SF:lib/idempotency.ts
FN:5,reserveIdempotencyKey
FN:26,getIdempotencyKeyFromRequest
FNF:2
FNH:1
FNDA:0,reserveIdempotencyKey
FNDA:2,getIdempotencyKeyFromRequest
DA:5,0
DA:10,0
DA:17,0
DA:23,0
DA:26,2
DA:27,2
DA:28,2
LF:7
LH:3
BRDA:27,0,0,2
BRDA:27,0,1,2
BRDA:28,1,0,0
BRDA:28,1,1,2
BRDA:28,2,0,2
BRDA:28,2,1,0
BRF:6
BRH:4
end_of_record
TN:
SF:lib/log.ts
FN:24,log
FN:72,debug
FN:79,info
FN:86,warn
FN:93,error
FN:100,createLogger
FN:102,(anonymous_18)
FN:104,(anonymous_19)
FN:106,(anonymous_20)
FN:108,(anonymous_21)
FN:117,logApiEvent
FN:124,createApiLogger
FN:129,(anonymous_24)
FN:131,(anonymous_25)
FN:133,(anonymous_26)
FN:135,(anonymous_27)
FNF:16
FNH:2
FNDA:2,log
FNDA:0,debug
FNDA:0,info
FNDA:0,warn
FNDA:0,error
FNDA:0,createLogger
FNDA:0,(anonymous_18)
FNDA:0,(anonymous_19)
FNDA:0,(anonymous_20)
FNDA:0,(anonymous_21)
FNDA:2,logApiEvent
FNDA:0,createApiLogger
FNDA:0,(anonymous_24)
FNDA:0,(anonymous_25)
FNDA:0,(anonymous_26)
FNDA:0,(anonymous_27)
DA:6,2
DA:24,0
DA:33,2
DA:36,2
DA:47,2
DA:50,2
DA:51,0
DA:52,0
DA:64,0
DA:72,0
DA:73,0
DA:79,0
DA:80,0
DA:86,0
DA:87,0
DA:93,0
DA:94,0
DA:100,0
DA:101,0
DA:103,0
DA:105,0
DA:107,0
DA:109,0
DA:117,2
DA:118,2
DA:124,0
DA:125,0
DA:126,0
DA:128,0
DA:130,0
DA:132,0
DA:134,0
DA:136,0
LF:33
LH:7
BRDA:25,0,0,0
BRDA:31,1,0,0
BRDA:40,2,0,2
BRDA:40,2,1,2
BRDA:41,3,0,2
BRDA:41,3,1,2
BRDA:42,4,0,2
BRDA:42,4,1,0
BRDA:43,5,0,2
BRDA:43,5,1,2
BRDA:50,6,0,0
BRDA:50,6,1,2
BRDA:50,7,0,2
BRDA:50,7,1,0
BRDA:54,8,0,0
BRDA:54,8,1,0
BRDA:55,9,0,0
BRDA:55,9,1,0
BRDA:59,10,0,0
BRDA:59,10,1,0
BRDA:72,11,0,0
BRDA:79,12,0,0
BRDA:86,13,0,0
BRDA:93,14,0,0
BRDA:102,15,0,0
BRDA:104,16,0,0
BRDA:106,17,0,0
BRDA:108,18,0,0
BRDA:125,19,0,0
BRDA:125,19,1,0
BRDA:126,20,0,0
BRDA:126,20,1,0
BRDA:129,21,0,0
BRDA:131,22,0,0
BRDA:133,23,0,0
BRDA:135,24,0,0
BRF:36
BRH:9
end_of_record
TN:
SF:lib/rate-limit.ts
FN:8,getBucket
FN:20,rateLimitByIp
FNF:2
FNH:2
FNDA:3,getBucket
FNDA:3,rateLimitByIp
DA:9,3
DA:10,1
DA:12,3
DA:13,3
DA:14,1
DA:15,1
DA:17,3
DA:20,3
DA:26,3
DA:27,3
DA:28,3
DA:29,3
DA:30,1
DA:31,1
DA:33,2
DA:34,2
DA:35,2
DA:36,2
LF:18
LH:18
BRDA:9,0,0,1
BRDA:9,0,1,2
BRDA:13,1,0,1
BRDA:13,1,1,2
BRDA:29,2,0,1
BRDA:29,2,1,2
BRDA:29,3,0,3
BRDA:29,3,1,2
BRF:8
BRH:8
end_of_record
