TN:
SF:app/api/billing/chargebee/webhook/route.ts
FN:7,verifySignature
FN:30,POST
FNF:2
FNH:2
FNDA:2,verifySignature
FNDA:2,POST
DA:1,2
DA:2,2
DA:3,2
DA:4,2
DA:5,2
DA:8,2
DA:12,1
DA:13,1
DA:14,1
DA:15,1
DA:16,1
DA:17,0
DA:22,1
DA:23,1
DA:24,1
DA:26,1
DA:30,2
DA:31,2
DA:32,2
DA:33,2
DA:34,2
DA:35,1
DA:36,1
DA:39,1
DA:40,1
DA:42,1
DA:44,1
DA:45,1
DA:46,1
DA:47,1
DA:48,1
DA:49,1
DA:53,0
DA:54,0
DA:55,0
DA:57,0
DA:58,0
DA:59,0
DA:60,0
DA:65,0
DA:66,0
DA:68,0
DA:70,1
LF:43
LH:32
BRDA:12,0,0,1
BRDA:12,0,1,0
BRDA:14,1,0,1
BRDA:14,1,1,0
BRDA:16,2,0,0
BRDA:16,2,1,1
BRDA:32,3,0,2
BRDA:32,3,1,1
BRDA:33,4,0,2
BRDA:33,4,1,1
BRDA:34,5,0,1
BRDA:34,5,1,1
BRDA:44,6,0,1
BRDA:44,6,1,0
BRDA:45,7,0,1
BRDA:45,7,1,0
BRDA:47,8,0,1
BRDA:47,8,1,0
BRDA:57,9,0,0
BRDA:57,9,1,0
BRDA:57,10,0,0
BRDA:57,10,1,0
BRF:22
BRH:12
end_of_record
TN:
SF:app/api/templates/[id]/route.ts
FN:11,DELETE
FNF:1
FNH:1
FNDA:3,DELETE
DA:1,1
DA:2,1
DA:3,1
DA:4,1
DA:5,1
DA:6,1
DA:9,1
DA:11,1
DA:15,3
DA:16,3
DA:17,3
DA:18,3
DA:19,3
DA:20,3
DA:21,3
DA:22,0
DA:24,3
DA:25,3
DA:26,3
DA:27,1
DA:30,2
DA:32,2
DA:33,2
DA:34,0
DA:35,0
DA:36,0
DA:39,2
DA:44,2
DA:45,1
DA:48,1
DA:50,0
DA:51,0
LF:32
LH:26
BRDA:17,0,0,3
BRDA:17,0,1,3
BRDA:19,1,0,0
BRDA:19,1,1,3
BRDA:21,2,0,0
BRDA:21,2,1,3
BRDA:26,3,0,1
BRDA:26,3,1,2
BRDA:26,4,0,3
BRDA:26,4,1,2
BRDA:33,5,0,0
BRDA:33,5,1,2
BRDA:35,6,0,0
BRDA:35,6,1,0
BRDA:44,7,0,1
BRDA:44,7,1,1
BRF:16
BRH:11
end_of_record
TN:
SF:lib/competitor-enrichment-service.ts
FN:91,(anonymous_3)
FN:98,(anonymous_4)
FN:221,(anonymous_5)
FN:266,(anonymous_6)
FN:320,(anonymous_7)
FN:361,(anonymous_8)
FN:429,(anonymous_9)
FN:449,(anonymous_10)
FN:490,(anonymous_11)
FN:498,(anonymous_12)
FN:499,(anonymous_13)
FN:501,(anonymous_14)
FN:502,(anonymous_15)
FN:511,(anonymous_16)
FN:512,(anonymous_17)
FN:523,(anonymous_18)
FN:531,(anonymous_19)
FN:548,(anonymous_20)
FN:550,(anonymous_21)
FN:577,(anonymous_22)
FN:582,(anonymous_23)
FN:601,(anonymous_24)
FN:606,(anonymous_25)
FNF:23
FNH:23
FNDA:17,(anonymous_3)
FNDA:8,(anonymous_4)
FNDA:5,(anonymous_5)
FNDA:8,(anonymous_6)
FNDA:5,(anonymous_7)
FNDA:8,(anonymous_8)
FNDA:5,(anonymous_9)
FNDA:6,(anonymous_10)
FNDA:3,(anonymous_11)
FNDA:105,(anonymous_12)
FNDA:271,(anonymous_13)
FNDA:105,(anonymous_14)
FNDA:508,(anonymous_15)
FNDA:8,(anonymous_16)
FNDA:34,(anonymous_17)
FNDA:22,(anonymous_18)
FNDA:18,(anonymous_19)
FNDA:5,(anonymous_20)
FNDA:5,(anonymous_21)
FNDA:8,(anonymous_22)
FNDA:8,(anonymous_23)
FNDA:5,(anonymous_24)
FNDA:5,(anonymous_25)
DA:22,1
DA:60,1
DA:69,1
DA:87,16
DA:89,17
DA:92,17
DA:102,8
DA:110,8
DA:111,8
DA:112,8
DA:113,8
DA:116,8
DA:117,5
DA:118,5
DA:119,5
DA:120,1
DA:121,1
DA:122,1
DA:123,1
DA:125,4
DA:128,0
DA:133,8
DA:134,8
DA:135,8
DA:139,8
DA:140,0
DA:144,0
DA:145,0
DA:146,0
DA:148,8
DA:151,0
DA:156,8
DA:157,5
DA:158,5
DA:162,5
DA:163,5
DA:167,5
DA:168,5
DA:169,5
DA:171,0
DA:174,0
DA:179,8
DA:180,8
DA:181,8
DA:185,8
DA:186,8
DA:187,8
DA:191,8
DA:195,8
DA:196,8
DA:197,8
DA:199,0
DA:202,0
DA:207,8
DA:208,8
DA:209,8
DA:211,8
DA:213,0
DA:214,0
DA:222,5
DA:230,5
DA:232,5
DA:233,0
DA:234,0
DA:239,5
DA:241,5
DA:242,1
DA:251,1
DA:253,4
DA:256,5
DA:258,0
DA:259,0
DA:270,8
DA:278,8
DA:280,8
DA:281,0
DA:282,0
DA:285,8
DA:286,8
DA:290,8
DA:293,8
DA:294,13
DA:295,12
DA:296,12
DA:298,1
DA:302,8
DA:303,7
DA:305,0
DA:307,1
DA:310,1
DA:312,7
DA:313,7
DA:324,5
DA:332,5
DA:334,5
DA:335,0
DA:336,0
DA:341,5
DA:343,5
DA:344,5
DA:346,5
DA:348,0
DA:351,5
DA:353,0
DA:354,0
DA:365,8
DA:373,8
DA:374,8
DA:375,8
DA:376,8
DA:379,8
DA:380,4
DA:381,1
DA:382,1
DA:383,3
DA:384,2
DA:385,2
DA:386,1
DA:387,1
DA:388,1
DA:393,8
DA:394,3
DA:396,1
DA:397,1
DA:398,1
DA:400,1
DA:401,1
DA:402,1
DA:404,0
DA:405,0
DA:406,0
DA:408,0
DA:409,0
DA:410,0
DA:412,1
DA:413,1
DA:414,1
DA:419,8
DA:420,1
DA:421,1
DA:422,1
DA:423,0
DA:428,8
DA:429,5
DA:430,3
DA:431,3
DA:432,0
DA:433,3
DA:434,2
DA:439,8
DA:440,0
DA:441,0
DA:442,0
DA:443,0
DA:448,8
DA:449,5
DA:450,6
DA:454,5
DA:455,5
DA:456,5
DA:462,8
DA:463,1
DA:464,7
DA:465,1
DA:466,6
DA:467,1
DA:469,5
DA:472,8
DA:478,8
DA:480,8
DA:482,0
DA:483,0
DA:491,3
DA:492,3
DA:494,3
DA:497,3
DA:498,18
DA:499,271
DA:501,18
DA:502,508
DA:505,18
DA:506,2
DA:511,3
DA:512,34
DA:515,3
DA:517,3
DA:524,22
DA:525,22
DA:532,18
DA:534,0
DA:535,0
DA:536,0
DA:538,0
DA:539,0
DA:542,0
DA:543,0
DA:550,5
DA:553,5
DA:573,5
DA:574,5
DA:582,8
DA:584,8
DA:585,8
DA:588,8
DA:589,6
DA:591,8
DA:592,4
DA:594,8
DA:595,3
DA:598,8
DA:606,5
DA:608,5
DA:624,5
DA:629,1
LF:214
LH:169
BRDA:91,0,0,5
BRDA:116,1,0,5
BRDA:116,1,1,3
BRDA:116,2,0,8
BRDA:116,2,1,8
BRDA:119,3,0,1
BRDA:119,3,1,4
BRDA:128,4,0,0
BRDA:128,4,1,0
BRDA:133,5,0,8
BRDA:133,5,1,0
BRDA:136,6,0,8
BRDA:136,6,1,1
BRDA:139,7,0,0
BRDA:139,7,1,8
BRDA:151,8,0,0
BRDA:151,8,1,0
BRDA:156,9,0,5
BRDA:156,9,1,3
BRDA:156,10,0,8
BRDA:156,10,1,8
BRDA:159,11,0,5
BRDA:159,11,1,1
BRDA:162,12,0,5
BRDA:162,12,1,0
BRDA:164,13,0,5
BRDA:164,13,1,5
BRDA:165,14,0,5
BRDA:165,14,1,0
BRDA:174,15,0,0
BRDA:174,15,1,0
BRDA:179,16,0,8
BRDA:179,16,1,0
BRDA:185,17,0,8
BRDA:185,17,1,0
BRDA:188,18,0,8
BRDA:188,18,1,8
BRDA:189,19,0,8
BRDA:189,19,1,0
BRDA:192,20,0,8
BRDA:192,20,1,8
BRDA:193,21,0,8
BRDA:193,21,1,0
BRDA:202,22,0,0
BRDA:202,22,1,0
BRDA:207,23,0,8
BRDA:207,23,1,0
BRDA:213,24,0,0
BRDA:213,24,1,0
BRDA:232,25,0,0
BRDA:232,25,1,5
BRDA:241,26,0,1
BRDA:241,26,1,4
BRDA:258,27,0,0
BRDA:258,27,1,0
BRDA:280,28,0,0
BRDA:280,28,1,8
BRDA:294,29,0,12
BRDA:294,29,1,1
BRDA:302,30,0,7
BRDA:302,30,1,1
BRDA:312,31,0,7
BRDA:312,31,1,0
BRDA:334,32,0,0
BRDA:334,32,1,5
BRDA:343,33,0,5
BRDA:343,33,1,0
BRDA:353,34,0,0
BRDA:353,34,1,0
BRDA:379,35,0,4
BRDA:379,35,1,4
BRDA:380,36,0,1
BRDA:380,36,1,3
BRDA:383,37,0,2
BRDA:383,37,1,1
BRDA:386,38,0,1
BRDA:386,38,1,0
BRDA:393,39,0,3
BRDA:393,39,1,5
BRDA:394,40,0,1
BRDA:394,40,1,1
BRDA:394,40,2,0
BRDA:394,40,3,0
BRDA:394,40,4,1
BRDA:419,41,0,1
BRDA:419,41,1,7
BRDA:419,42,0,8
BRDA:419,42,1,3
BRDA:422,43,0,0
BRDA:422,43,1,1
BRDA:428,44,0,3
BRDA:428,44,1,5
BRDA:428,45,0,8
BRDA:428,45,1,4
BRDA:431,46,0,0
BRDA:431,46,1,3
BRDA:433,47,0,2
BRDA:433,47,1,1
BRDA:439,48,0,0
BRDA:439,48,1,8
BRDA:442,49,0,0
BRDA:442,49,1,0
BRDA:448,50,0,5
BRDA:448,50,1,3
BRDA:448,51,0,8
BRDA:448,51,1,5
BRDA:450,52,0,6
BRDA:450,52,1,1
BRDA:450,52,2,0
BRDA:455,53,0,5
BRDA:455,53,1,0
BRDA:462,54,0,1
BRDA:462,54,1,7
BRDA:464,55,0,1
BRDA:464,55,1,6
BRDA:466,56,0,1
BRDA:466,56,1,5
BRDA:482,57,0,0
BRDA:482,57,1,0
BRDA:505,58,0,2
BRDA:505,58,1,16
BRDA:505,59,0,18
BRDA:505,59,1,3
BRDA:512,60,0,34
BRDA:512,60,1,33
BRDA:525,61,0,22
BRDA:525,61,1,0
BRDA:532,62,0,18
BRDA:532,62,1,0
BRDA:535,63,0,0
BRDA:535,63,1,0
BRDA:538,64,0,0
BRDA:538,64,1,0
BRDA:574,65,0,5
BRDA:574,65,1,4
BRDA:588,66,0,6
BRDA:588,66,1,2
BRDA:591,67,0,4
BRDA:591,67,1,4
BRDA:594,68,0,3
BRDA:594,68,1,5
BRF:141
BRH:95
end_of_record
TN:
SF:lib/idempotency.ts
FN:5,reserveIdempotencyKey
FN:26,getIdempotencyKeyFromRequest
FNF:2
FNH:1
FNDA:0,reserveIdempotencyKey
FNDA:2,getIdempotencyKeyFromRequest
DA:5,0
DA:10,0
DA:17,0
DA:23,0
DA:26,2
DA:27,2
DA:28,2
LF:7
LH:3
BRDA:27,0,0,2
BRDA:27,0,1,2
BRDA:28,1,0,0
BRDA:28,1,1,2
BRDA:28,2,0,2
BRDA:28,2,1,0
BRF:6
BRH:4
end_of_record
TN:
SF:lib/log.ts
FN:24,log
FN:72,debug
FN:79,info
FN:86,warn
FN:93,error
FN:100,createLogger
FN:102,(anonymous_18)
FN:104,(anonymous_19)
FN:106,(anonymous_20)
FN:108,(anonymous_21)
FN:117,logApiEvent
FN:124,createApiLogger
FN:129,(anonymous_24)
FN:131,(anonymous_25)
FN:133,(anonymous_26)
FN:135,(anonymous_27)
FNF:16
FNH:2
FNDA:2,log
FNDA:0,debug
FNDA:0,info
FNDA:0,warn
FNDA:0,error
FNDA:0,createLogger
FNDA:0,(anonymous_18)
FNDA:0,(anonymous_19)
FNDA:0,(anonymous_20)
FNDA:0,(anonymous_21)
FNDA:2,logApiEvent
FNDA:0,createApiLogger
FNDA:0,(anonymous_24)
FNDA:0,(anonymous_25)
FNDA:0,(anonymous_26)
FNDA:0,(anonymous_27)
DA:6,2
DA:24,0
DA:33,2
DA:36,2
DA:47,2
DA:50,2
DA:51,0
DA:52,0
DA:64,0
DA:72,0
DA:73,0
DA:79,0
DA:80,0
DA:86,0
DA:87,0
DA:93,0
DA:94,0
DA:100,0
DA:101,0
DA:103,0
DA:105,0
DA:107,0
DA:109,0
DA:117,2
DA:118,2
DA:124,0
DA:125,0
DA:126,0
DA:128,0
DA:130,0
DA:132,0
DA:134,0
DA:136,0
LF:33
LH:7
BRDA:25,0,0,0
BRDA:31,1,0,0
BRDA:40,2,0,2
BRDA:40,2,1,2
BRDA:41,3,0,2
BRDA:41,3,1,2
BRDA:42,4,0,2
BRDA:42,4,1,0
BRDA:43,5,0,2
BRDA:43,5,1,2
BRDA:50,6,0,0
BRDA:50,6,1,2
BRDA:50,7,0,2
BRDA:50,7,1,0
BRDA:54,8,0,0
BRDA:54,8,1,0
BRDA:55,9,0,0
BRDA:55,9,1,0
BRDA:59,10,0,0
BRDA:59,10,1,0
BRDA:72,11,0,0
BRDA:79,12,0,0
BRDA:86,13,0,0
BRDA:93,14,0,0
BRDA:102,15,0,0
BRDA:104,16,0,0
BRDA:106,17,0,0
BRDA:108,18,0,0
BRDA:125,19,0,0
BRDA:125,19,1,0
BRDA:126,20,0,0
BRDA:126,20,1,0
BRDA:129,21,0,0
BRDA:131,22,0,0
BRDA:133,23,0,0
BRDA:135,24,0,0
BRF:36
BRH:9
end_of_record
TN:
SF:lib/rate-limit.ts
FN:8,getBucket
FN:20,rateLimitByIp
FNF:2
FNH:2
FNDA:3,getBucket
FNDA:3,rateLimitByIp
DA:9,3
DA:10,1
DA:12,3
DA:13,3
DA:14,1
DA:15,1
DA:17,3
DA:20,3
DA:26,3
DA:27,3
DA:28,3
DA:29,3
DA:30,1
DA:31,1
DA:33,2
DA:34,2
DA:35,2
DA:36,2
LF:18
LH:18
BRDA:9,0,0,1
BRDA:9,0,1,2
BRDA:13,1,0,1
BRDA:13,1,1,2
BRDA:29,2,0,1
BRDA:29,2,1,2
BRDA:29,3,0,3
BRDA:29,3,1,2
BRF:8
BRH:8
end_of_record
TN:
SF:lib/scraping-scheduler.ts
FN:103,(anonymous_3)
FN:112,(anonymous_4)
FN:149,(anonymous_5)
FN:215,(anonymous_6)
FN:231,(anonymous_7)
FN:244,(anonymous_8)
FN:258,(anonymous_9)
FN:276,(anonymous_10)
FN:283,(anonymous_11)
FN:284,(anonymous_12)
FN:290,(anonymous_13)
FN:297,(anonymous_14)
FN:304,(anonymous_15)
FN:359,(anonymous_16)
FN:363,(anonymous_17)
FN:370,(anonymous_18)
FN:382,(anonymous_19)
FN:389,(anonymous_20)
FN:394,(anonymous_21)
FN:406,(anonymous_22)
FN:412,(anonymous_23)
FN:525,(anonymous_24)
FN:530,(anonymous_25)
FN:542,(anonymous_26)
FN:556,(anonymous_27)
FN:576,(anonymous_28)
FN:582,(anonymous_29)
FN:588,(anonymous_30)
FN:593,(anonymous_31)
FN:598,(anonymous_32)
FN:611,(anonymous_33)
FN:628,(anonymous_34)
FN:644,(anonymous_35)
FN:660,(anonymous_36)
FN:664,(anonymous_37)
FN:666,(anonymous_38)
FN:667,(anonymous_39)
FN:676,(anonymous_40)
FN:684,(anonymous_41)
FN:691,(anonymous_42)
FNF:40
FNH:26
FNDA:16,(anonymous_3)
FNDA:27,(anonymous_4)
FNDA:3,(anonymous_5)
FNDA:0,(anonymous_6)
FNDA:3,(anonymous_7)
FNDA:2,(anonymous_8)
FNDA:1,(anonymous_9)
FNDA:12,(anonymous_10)
FNDA:3,(anonymous_11)
FNDA:4,(anonymous_12)
FNDA:1,(anonymous_13)
FNDA:2,(anonymous_14)
FNDA:2,(anonymous_15)
FNDA:0,(anonymous_16)
FNDA:0,(anonymous_17)
FNDA:15,(anonymous_18)
FNDA:0,(anonymous_19)
FNDA:0,(anonymous_20)
FNDA:0,(anonymous_21)
FNDA:0,(anonymous_22)
FNDA:0,(anonymous_23)
FNDA:27,(anonymous_24)
FNDA:27,(anonymous_25)
FNDA:3,(anonymous_26)
FNDA:28,(anonymous_27)
FNDA:0,(anonymous_28)
FNDA:3,(anonymous_29)
FNDA:3,(anonymous_30)
FNDA:3,(anonymous_31)
FNDA:1,(anonymous_32)
FNDA:0,(anonymous_33)
FNDA:0,(anonymous_34)
FNDA:0,(anonymous_35)
FNDA:32,(anonymous_36)
FNDA:69,(anonymous_37)
FNDA:69,(anonymous_38)
FNDA:69,(anonymous_39)
FNDA:0,(anonymous_40)
FNDA:0,(anonymous_41)
FNDA:15,(anonymous_42)
DA:2,1
DA:68,1
DA:85,15
DA:86,16
DA:87,16
DA:88,16
DA:89,16
DA:98,16
DA:100,16
DA:104,16
DA:105,0
DA:120,27
DA:122,27
DA:139,27
DA:140,27
DA:142,27
DA:143,27
DA:153,3
DA:156,3
DA:159,3
DA:160,3
DA:167,3
DA:170,3
DA:171,3
DA:172,3
DA:179,3
DA:183,3
DA:184,3
DA:185,3
DA:192,3
DA:196,3
DA:197,3
DA:205,3
DA:209,3
DA:216,0
DA:217,0
DA:218,0
DA:221,0
DA:222,0
DA:225,0
DA:232,3
DA:233,3
DA:235,3
DA:236,3
DA:237,3
DA:238,3
DA:245,2
DA:246,2
DA:248,1
DA:249,1
DA:250,1
DA:251,1
DA:252,1
DA:259,1
DA:260,1
DA:262,1
DA:264,0
DA:266,1
DA:269,1
DA:270,1
DA:277,12
DA:284,4
DA:291,1
DA:298,2
DA:305,2
DA:312,2
DA:313,1
DA:314,1
DA:315,1
DA:316,1
DA:319,1
DA:320,0
DA:321,0
DA:322,0
DA:323,0
DA:327,1
DA:329,1
DA:330,1
DA:332,0
DA:333,0
DA:335,0
DA:336,0
DA:338,0
DA:339,0
DA:343,1
DA:344,0
DA:345,0
DA:349,1
DA:350,0
DA:351,0
DA:354,1
DA:360,0
DA:362,0
DA:363,0
DA:364,0
DA:367,0
DA:371,15
DA:373,0
DA:374,0
DA:375,0
DA:376,0
DA:379,0
DA:383,0
DA:384,0
DA:388,0
DA:390,0
DA:396,0
DA:397,0
DA:398,0
DA:399,0
DA:403,0
DA:405,0
DA:406,0
DA:407,0
DA:413,0
DA:414,0
DA:417,0
DA:418,0
DA:419,0
DA:421,0
DA:422,0
DA:427,0
DA:429,0
DA:430,0
DA:432,0
DA:433,0
DA:435,0
DA:436,0
DA:438,0
DA:439,0
DA:441,0
DA:445,0
DA:447,0
DA:458,0
DA:460,0
DA:461,0
DA:462,0
DA:463,0
DA:466,0
DA:468,0
DA:469,0
DA:470,0
DA:471,0
DA:473,0
DA:475,0
DA:476,0
DA:481,0
DA:482,0
DA:484,0
DA:485,0
DA:487,0
DA:489,0
DA:490,0
DA:492,0
DA:495,0
DA:497,0
DA:507,0
DA:508,0
DA:509,0
DA:511,0
DA:512,0
DA:513,0
DA:516,0
DA:517,0
DA:519,0
DA:521,0
DA:526,27
DA:527,27
DA:539,0
DA:543,3
DA:557,28
DA:559,28
DA:561,28
DA:562,28
DA:567,0
DA:578,0
DA:579,0
DA:583,3
DA:585,3
DA:589,3
DA:590,3
DA:594,3
DA:595,3
DA:599,1
DA:601,1
DA:604,1
DA:605,1
DA:606,1
DA:608,1
DA:612,0
DA:614,0
DA:617,0
DA:619,0
DA:620,0
DA:621,0
DA:625,0
DA:629,0
DA:631,0
DA:633,0
DA:635,0
DA:636,0
DA:637,0
DA:641,0
DA:645,0
DA:647,0
DA:651,0
DA:652,0
DA:653,0
DA:657,0
DA:661,32
DA:663,32
DA:664,69
DA:665,32
DA:666,69
DA:667,69
DA:670,32
DA:671,32
DA:674,32
DA:675,32
DA:676,0
DA:677,0
DA:685,0
DA:692,15
DA:693,15
DA:694,15
DA:695,15
DA:700,1
LF:227
LH:104
BRDA:103,0,0,0
BRDA:104,1,0,0
BRDA:104,1,1,16
BRDA:104,2,0,16
BRDA:104,2,1,1
BRDA:118,3,0,27
BRDA:159,4,0,3
BRDA:159,4,1,0
BRDA:171,5,0,3
BRDA:171,5,1,0
BRDA:184,6,0,3
BRDA:184,6,1,0
BRDA:197,7,0,3
BRDA:197,7,1,0
BRDA:217,8,0,0
BRDA:217,8,1,0
BRDA:221,9,0,0
BRDA:221,9,1,0
BRDA:233,10,0,0
BRDA:233,10,1,3
BRDA:246,11,0,1
BRDA:246,11,1,1
BRDA:246,12,0,2
BRDA:246,12,1,2
BRDA:260,13,0,0
BRDA:260,13,1,1
BRDA:262,14,0,0
BRDA:262,14,1,1
BRDA:277,15,0,12
BRDA:277,15,1,1
BRDA:291,16,0,1
BRDA:291,16,1,1
BRDA:312,17,0,1
BRDA:312,17,1,1
BRDA:314,18,0,1
BRDA:314,18,1,0
BRDA:319,19,0,0
BRDA:319,19,1,1
BRDA:327,20,0,1
BRDA:327,20,1,0
BRDA:327,20,2,0
BRDA:327,20,3,0
BRDA:343,21,0,0
BRDA:343,21,1,1
BRDA:349,22,0,0
BRDA:349,22,1,1
BRDA:360,23,0,0
BRDA:360,23,1,0
BRDA:371,24,0,15
BRDA:371,24,1,0
BRDA:374,25,0,0
BRDA:374,25,1,0
BRDA:383,26,0,0
BRDA:383,26,1,0
BRDA:390,27,0,0
BRDA:390,27,1,0
BRDA:390,27,2,0
BRDA:398,28,0,0
BRDA:398,28,1,0
BRDA:427,29,0,0
BRDA:427,29,1,0
BRDA:427,29,2,0
BRDA:427,29,3,0
BRDA:427,29,4,0
BRDA:449,30,0,0
BRDA:449,30,1,0
BRDA:451,31,0,0
BRDA:451,31,1,0
BRDA:451,32,0,0
BRDA:451,32,1,0
BRDA:458,33,0,0
BRDA:458,33,1,0
BRDA:468,34,0,0
BRDA:468,34,1,0
BRDA:481,35,0,0
BRDA:481,35,1,0
BRDA:484,36,0,0
BRDA:484,36,1,0
BRDA:500,37,0,0
BRDA:500,37,1,0
BRDA:507,38,0,0
BRDA:507,38,1,0
BRDA:543,39,0,1
BRDA:559,40,0,28
BRDA:559,40,1,0
BRDA:559,40,2,0
BRDA:561,41,0,28
BRDA:561,41,1,0
BRDA:599,42,0,0
BRDA:599,42,1,1
BRDA:599,43,0,1
BRDA:599,43,1,1
BRDA:604,44,0,0
BRDA:604,44,1,1
BRDA:605,45,0,1
BRDA:605,45,1,0
BRDA:606,46,0,1
BRDA:606,46,1,0
BRDA:606,47,0,1
BRDA:606,47,1,1
BRDA:612,48,0,0
BRDA:612,48,1,0
BRDA:612,49,0,0
BRDA:612,49,1,0
BRDA:612,49,2,0
BRDA:617,50,0,0
BRDA:617,50,1,0
BRDA:620,51,0,0
BRDA:620,51,1,0
BRDA:620,52,0,0
BRDA:620,52,1,0
BRDA:629,53,0,0
BRDA:629,53,1,0
BRDA:629,54,0,0
BRDA:629,54,1,0
BRDA:629,54,2,0
BRDA:633,55,0,0
BRDA:633,55,1,0
BRDA:636,56,0,0
BRDA:636,56,1,0
BRDA:645,57,0,0
BRDA:645,57,1,0
BRDA:652,58,0,0
BRDA:652,58,1,0
BRDA:652,59,0,0
BRDA:652,59,1,0
BRDA:671,60,0,0
BRDA:671,60,1,32
BRDA:675,61,0,0
BRDA:675,61,1,32
BRF:130
BRH:40
end_of_record
TN:
SF:lib/web-scraping-service.ts
FN:116,(anonymous_7)
FN:123,(anonymous_8)
FN:155,(anonymous_9)
FN:192,(anonymous_10)
FN:236,(anonymous_11)
FN:297,(anonymous_12)
FN:358,(anonymous_13)
FN:418,(anonymous_14)
FN:446,(anonymous_15)
FN:453,(anonymous_16)
FN:459,(anonymous_17)
FN:483,(anonymous_18)
FN:497,(anonymous_19)
FN:499,(anonymous_20)
FN:527,(anonymous_21)
FN:536,(anonymous_22)
FN:540,(anonymous_23)
FN:549,(anonymous_24)
FN:562,(anonymous_25)
FN:583,(anonymous_26)
FN:588,(anonymous_27)
FN:594,(anonymous_28)
FN:602,(anonymous_29)
FN:615,(anonymous_30)
FN:640,(anonymous_31)
FN:648,(anonymous_32)
FN:655,(anonymous_33)
FN:663,(anonymous_34)
FN:672,(anonymous_35)
FN:681,(anonymous_36)
FN:703,(anonymous_37)
FN:711,(anonymous_38)
FN:722,(anonymous_39)
FN:743,(anonymous_40)
FN:751,(anonymous_41)
FN:756,(anonymous_42)
FN:779,(anonymous_43)
FN:787,(anonymous_44)
FNF:38
FNH:36
FNDA:13,(anonymous_7)
FNDA:13,(anonymous_8)
FNDA:15,(anonymous_9)
FNDA:2,(anonymous_10)
FNDA:2,(anonymous_11)
FNDA:1,(anonymous_12)
FNDA:1,(anonymous_13)
FNDA:12,(anonymous_14)
FNDA:12,(anonymous_15)
FNDA:1,(anonymous_16)
FNDA:12,(anonymous_17)
FNDA:3,(anonymous_18)
FNDA:15,(anonymous_19)
FNDA:0,(anonymous_20)
FNDA:12,(anonymous_21)
FNDA:10,(anonymous_22)
FNDA:1,(anonymous_23)
FNDA:0,(anonymous_24)
FNDA:2,(anonymous_25)
FNDA:1,(anonymous_26)
FNDA:8,(anonymous_27)
FNDA:2,(anonymous_28)
FNDA:2,(anonymous_29)
FNDA:4,(anonymous_30)
FNDA:2,(anonymous_31)
FNDA:2,(anonymous_32)
FNDA:1,(anonymous_33)
FNDA:1,(anonymous_34)
FNDA:2,(anonymous_35)
FNDA:3,(anonymous_36)
FNDA:1,(anonymous_37)
FNDA:2,(anonymous_38)
FNDA:4,(anonymous_39)
FNDA:2,(anonymous_40)
FNDA:2,(anonymous_41)
FNDA:2,(anonymous_42)
FNDA:17,(anonymous_43)
FNDA:13,(anonymous_44)
DA:2,1
DA:3,1
DA:89,1
DA:107,12
DA:109,13
DA:110,13
DA:111,13
DA:112,13
DA:113,13
DA:117,13
DA:124,13
DA:126,13
DA:128,13
DA:129,13
DA:130,1
DA:140,12
DA:141,12
DA:142,0
DA:152,12
DA:155,12
DA:156,15
DA:157,10
DA:159,10
DA:173,12
DA:174,10
DA:177,12
DA:179,0
DA:193,2
DA:195,2
DA:196,2
DA:197,2
DA:198,0
DA:207,2
DA:209,2
DA:210,2
DA:211,2
DA:212,2
DA:215,2
DA:223,0
DA:237,2
DA:239,2
DA:240,2
DA:241,2
DA:242,0
DA:251,2
DA:252,2
DA:253,0
DA:262,2
DA:263,2
DA:265,2
DA:266,1
DA:267,1
DA:276,1
DA:284,0
DA:298,1
DA:300,1
DA:301,1
DA:302,1
DA:303,0
DA:312,1
DA:313,1
DA:314,0
DA:323,1
DA:324,1
DA:326,1
DA:327,1
DA:328,1
DA:337,0
DA:345,0
DA:359,1
DA:361,1
DA:362,1
DA:363,1
DA:364,0
DA:373,1
DA:374,1
DA:375,0
DA:384,1
DA:385,1
DA:387,1
DA:388,1
DA:389,1
DA:398,0
DA:406,0
DA:419,12
DA:421,0
DA:422,0
DA:425,0
DA:426,0
DA:427,0
DA:431,0
DA:432,0
DA:433,0
DA:436,0
DA:438,0
DA:441,0
DA:442,0
DA:447,12
DA:448,12
DA:449,12
DA:451,12
DA:452,1
DA:453,1
DA:456,12
DA:460,12
DA:462,12
DA:463,15
DA:464,15
DA:465,10
DA:473,5
DA:476,5
DA:477,1
DA:480,4
DA:482,3
DA:483,3
DA:488,2
DA:498,15
DA:499,15
DA:501,15
DA:502,15
DA:513,11
DA:515,11
DA:516,1
DA:519,10
DA:520,10
DA:522,5
DA:523,5
DA:528,12
DA:529,12
DA:530,12
DA:532,0
DA:537,10
DA:540,10
DA:541,1
DA:542,1
DA:543,1
DA:544,1
DA:549,10
DA:550,0
DA:551,0
DA:552,0
DA:553,0
DA:559,10
DA:563,2
DA:566,2
DA:568,1
DA:570,1
DA:580,2
DA:585,1
DA:586,1
DA:588,8
DA:589,1
DA:591,1
DA:595,2
DA:596,2
DA:599,2
DA:601,2
DA:602,2
DA:603,2
DA:605,2
DA:606,2
DA:608,2
DA:609,2
DA:610,2
DA:611,2
DA:613,2
DA:614,2
DA:615,4
DA:617,2
DA:630,2
DA:632,1
DA:641,2
DA:642,2
DA:643,2
DA:645,0
DA:649,2
DA:650,2
DA:651,2
DA:652,0
DA:656,1
DA:657,1
DA:658,0
DA:659,0
DA:664,1
DA:665,1
DA:666,1
DA:669,1
DA:671,1
DA:672,1
DA:673,2
DA:675,2
DA:676,2
DA:678,2
DA:679,2
DA:681,3
DA:683,2
DA:693,1
DA:695,1
DA:704,1
DA:705,1
DA:708,1
DA:710,1
DA:711,1
DA:712,2
DA:714,2
DA:715,2
DA:717,2
DA:718,2
DA:720,2
DA:721,2
DA:722,4
DA:724,2
DA:740,1
DA:744,2
DA:745,2
DA:746,2
DA:747,2
DA:748,2
DA:752,2
DA:753,2
DA:757,2
DA:758,2
DA:761,2
DA:762,0
DA:766,2
DA:768,2
DA:772,0
DA:773,0
DA:776,0
DA:780,17
DA:781,17
DA:782,1
DA:784,16
DA:788,13
DA:796,1
LF:235
LH:195
BRDA:116,0,0,1
BRDA:129,1,0,1
BRDA:129,1,1,12
BRDA:141,2,0,0
BRDA:141,2,1,12
BRDA:162,3,0,10
BRDA:162,3,1,9
BRDA:173,4,0,10
BRDA:173,4,1,2
BRDA:173,5,0,12
BRDA:173,5,1,10
BRDA:181,6,0,0
BRDA:181,6,1,0
BRDA:197,7,0,0
BRDA:197,7,1,2
BRDA:197,8,0,2
BRDA:197,8,1,2
BRDA:209,9,0,2
BRDA:209,9,1,0
BRDA:225,10,0,0
BRDA:225,10,1,0
BRDA:241,11,0,0
BRDA:241,11,1,2
BRDA:252,12,0,0
BRDA:252,12,1,2
BRDA:252,13,0,2
BRDA:252,13,1,2
BRDA:265,14,0,1
BRDA:265,14,1,1
BRDA:286,15,0,0
BRDA:286,15,1,0
BRDA:302,16,0,0
BRDA:302,16,1,1
BRDA:313,17,0,0
BRDA:313,17,1,1
BRDA:313,18,0,1
BRDA:313,18,1,1
BRDA:326,19,0,1
BRDA:326,19,1,0
BRDA:347,20,0,0
BRDA:347,20,1,0
BRDA:363,21,0,0
BRDA:363,21,1,1
BRDA:374,22,0,0
BRDA:374,22,1,1
BRDA:374,23,0,1
BRDA:374,23,1,1
BRDA:387,24,0,1
BRDA:387,24,1,0
BRDA:408,25,0,0
BRDA:408,25,1,0
BRDA:419,26,0,12
BRDA:419,26,1,0
BRDA:425,27,0,0
BRDA:425,27,1,0
BRDA:448,28,0,12
BRDA:448,28,1,11
BRDA:451,29,0,1
BRDA:451,29,1,11
BRDA:473,30,0,5
BRDA:473,30,1,0
BRDA:476,31,0,1
BRDA:476,31,1,4
BRDA:476,32,0,5
BRDA:476,32,1,4
BRDA:480,33,0,3
BRDA:480,33,1,1
BRDA:490,34,0,2
BRDA:490,34,1,0
BRDA:515,35,0,1
BRDA:515,35,1,10
BRDA:541,36,0,1
BRDA:541,36,1,0
BRDA:543,37,0,1
BRDA:543,37,1,0
BRDA:543,38,0,1
BRDA:543,38,1,1
BRDA:551,39,0,0
BRDA:551,39,1,0
BRDA:552,40,0,0
BRDA:552,40,1,0
BRDA:566,41,0,1
BRDA:566,41,1,1
BRDA:608,42,0,2
BRDA:608,42,1,0
BRDA:608,43,0,2
BRDA:608,43,1,2
BRDA:610,44,0,2
BRDA:610,44,1,0
BRDA:614,45,0,2
BRDA:614,45,1,0
BRDA:622,46,0,2
BRDA:622,46,1,1
BRDA:630,47,0,1
BRDA:630,47,1,1
BRDA:642,48,0,2
BRDA:642,48,1,0
BRDA:650,49,0,0
BRDA:650,49,1,2
BRDA:650,50,0,2
BRDA:650,50,1,2
BRDA:651,51,0,2
BRDA:651,51,1,0
BRDA:657,52,0,1
BRDA:657,52,1,0
BRDA:658,53,0,0
BRDA:658,53,1,0
BRDA:659,54,0,0
BRDA:659,54,1,0
BRDA:678,55,0,2
BRDA:678,55,1,0
BRDA:678,56,0,2
BRDA:678,56,1,2
BRDA:685,57,0,2
BRDA:685,57,1,0
BRDA:693,58,0,0
BRDA:693,58,1,1
BRDA:717,59,0,2
BRDA:717,59,1,0
BRDA:717,60,0,2
BRDA:717,60,1,2
BRDA:726,61,0,2
BRDA:726,61,1,0
BRDA:727,62,0,2
BRDA:727,62,1,0
BRDA:745,63,0,0
BRDA:745,63,1,2
BRDA:746,64,0,0
BRDA:746,64,1,2
BRDA:746,65,0,2
BRDA:746,65,1,2
BRDA:747,66,0,0
BRDA:747,66,1,2
BRDA:753,67,0,2
BRDA:753,67,1,1
BRDA:753,67,2,1
BRDA:758,68,0,2
BRDA:758,68,1,0
BRDA:761,69,0,0
BRDA:761,69,1,2
BRDA:761,70,0,2
BRDA:761,70,1,2
BRDA:761,70,2,2
BRDA:766,71,0,2
BRDA:766,71,1,0
BRDA:766,72,0,2
BRDA:766,72,1,2
BRDA:766,72,2,2
BRDA:766,72,3,2
BRDA:766,72,4,1
BRDA:766,72,5,0
BRDA:772,73,0,0
BRDA:772,73,1,0
BRDA:772,74,0,0
BRDA:772,74,1,0
BRDA:772,74,2,0
BRDA:781,75,0,1
BRDA:781,75,1,16
BRDA:781,76,0,17
BRDA:781,76,1,1
BRF:160
BRH:99
end_of_record
